<?xml version="1.0" encoding="UTF-8"?>
<!-- Generated by org.testng.reporters.JUnitReportReporter -->
<testsuite skipped="0" hostname="amaan-ROG-Strix-G531GD-G531GD" name="qaclickacademy.AppiumTest" tests="2" failures="0" timestamp="11 Jun 2021 13:48:41 GMT" time="0.004" errors="0">
  <testcase name="IOSApps" time="0.004" classname="qaclickacademy.AppiumTest"/>
  <testcase name="NativeAppAndroid" time="0.000" classname="qaclickacademy.AppiumTest"/>
</testsuite> <!-- qaclickacademy.AppiumTest -->
