<?xml version="1.0" encoding="UTF-8"?>
<!-- Generated by org.testng.reporters.JUnitReportReporter -->
<testsuite skipped="0" hostname="amaan-ROG-Strix-G531GD-G531GD" name="qaclickacademy.SeleniumTest" tests="2" failures="0" timestamp="11 Jun 2021 13:48:19 GMT" time="0.000" errors="0">
  <testcase name="elementsUi" time="0.000" classname="qaclickacademy.SeleniumTest"/>
  <testcase name="BrowserAutomation" time="0.000" classname="qaclickacademy.SeleniumTest"/>
</testsuite> <!-- qaclickacademy.SeleniumTest -->
